<?xml version="1.0" encoding="UTF-8"?>
<testsuite xmlns:xsi="http://www.w3.org/2001/XMLSchema-instance" xsi:noNamespaceSchemaLocation="https://maven.apache.org/surefire/maven-surefire-plugin/xsd/surefire-test-report-3.0.xsd" version="3.0" name="com.example.stockapp.AppTest" time="24.452" tests="1" errors="0" skipped="0" failures="0">
  <properties>
[...]
</properties>
  <testcase name="contextLoads" classname="com.example.stockapp.AppTest" time="2.855">
    <system-out><![CDATA[11:06:51.200 [main] DEBUG org.springframework.test.context.BootstrapUtils - Instantiating CacheAwareContextLoaderDelegate from class [org.springframework.test.context.cache.DefaultCacheAwareContextLoaderDelegate]
11:06:51.225 [main] DEBUG org.springframework.test.context.BootstrapUtils - Instantiating BootstrapContext using constructor [public org.springframework.test.context.support.DefaultBootstrapContext(java.lang.Class,org.springframework.test.context.CacheAwareContextLoaderDelegate)]
11:06:51.331 [main] DEBUG org.springframework.test.context.BootstrapUtils - Instantiating TestContextBootstrapper for test class [com.example.stockapp.AppTest] from class [org.springframework.boot.test.context.SpringBootTestContextBootstrapper]
11:06:51.369 [main] INFO org.springframework.boot.test.context.SpringBootTestContextBootstrapper - Neither @ContextConfiguration nor @ContextHierarchy found for test class [com.example.stockapp.AppTest], using SpringBootContextLoader
11:06:51.379 [main] DEBUG org.springframework.test.context.support.AbstractContextLoader - Did not detect default resource location for test class [com.example.stockapp.AppTest]: class path resource [com/example/stockapp/AppTest-context.xml] does not exist
11:06:51.380 [main] DEBUG org.springframework.test.context.support.AbstractContextLoader - Did not detect default resource location for test class [com.example.stockapp.AppTest]: class path resource [com/example/stockapp/AppTestContext.groovy] does not exist
11:06:51.381 [main] INFO org.springframework.test.context.support.AbstractContextLoader - Could not detect default resource locations for test class [com.example.stockapp.AppTest]: no resource found for suffixes {-context.xml, Context.groovy}.
11:06:51.382 [main] INFO org.springframework.test.context.support.AnnotationConfigContextLoaderUtils - Could not detect default configuration classes for test class [com.example.stockapp.AppTest]: AppTest does not declare any static, non-private, non-final, nested classes annotated with @Configuration.
11:06:51.577 [main] DEBUG org.springframework.test.context.support.ActiveProfilesUtils - Could not find an 'annotation declaring class' for annotation type [org.springframework.test.context.ActiveProfiles] and class [com.example.stockapp.AppTest]
11:06:51.875 [main] DEBUG org.springframework.context.annotation.ClassPathScanningCandidateComponentProvider - Identified candidate component class: file [/root/stockapp/target/classes/com/example/stockapp/StockAppApplication.class]
11:06:51.877 [main] INFO org.springframework.boot.test.context.SpringBootTestContextBootstrapper - Found @SpringBootConfiguration com.example.stockapp.StockAppApplication for test class com.example.stockapp.AppTest
11:06:52.304 [main] DEBUG org.springframework.boot.test.context.SpringBootTestContextBootstrapper - @TestExecutionListeners is not present for class [com.example.stockapp.AppTest]: using defaults.
11:06:52.309 [main] INFO org.springframework.boot.test.context.SpringBootTestContextBootstrapper - Loaded default TestExecutionListener class names from location [META-INF/spring.factories]: [org.springframework.boot.test.mock.mockito.MockitoTestExecutionListener, org.springframework.boot.test.mock.mockito.ResetMocksTestExecutionListener, org.springframework.boot.test.autoconfigure.restdocs.RestDocsTestExecutionListener, org.springframework.boot.test.autoconfigure.web.client.MockRestServiceServerResetTestExecutionListener, org.springframework.boot.test.autoconfigure.web.servlet.MockMvcPrintOnlyOnFailureTestExecutionListener, org.springframework.boot.test.autoconfigure.web.servlet.WebDriverTestExecutionListener, org.springframework.boot.test.autoconfigure.webservices.client.MockWebServiceServerTestExecutionListener, org.springframework.test.context.web.ServletTestExecutionListener, org.springframework.test.context.support.DirtiesContextBeforeModesTestExecutionListener, org.springframework.test.context.event.ApplicationEventsTestExecutionListener, org.springframework.test.context.support.DependencyInjectionTestExecutionListener, org.springframework.test.context.support.DirtiesContextTestExecutionListener, org.springframework.test.context.transaction.TransactionalTestExecutionListener, org.springframework.test.context.jdbc.SqlScriptsTestExecutionListener, org.springframework.test.context.event.EventPublishingTestExecutionListener]
11:06:52.373 [main] INFO org.springframework.boot.test.context.SpringBootTestContextBootstrapper - Using TestExecutionListeners: [org.springframework.test.context.web.ServletTestExecutionListener@5bf8fa12, org.springframework.test.context.support.DirtiesContextBeforeModesTestExecutionListener@29ca3d04, org.springframework.test.context.event.ApplicationEventsTestExecutionListener@b2c5e07, org.springframework.boot.test.mock.mockito.MockitoTestExecutionListener@5812f68b, org.springframework.boot.test.autoconfigure.SpringBootDependencyInjectionTestExecutionListener@4426bff1, org.springframework.test.context.support.DirtiesContextTestExecutionListener@3c7c886c, org.springframework.test.context.transaction.TransactionalTestExecutionListener@55493582, org.springframework.test.context.jdbc.SqlScriptsTestExecutionListener@1a20270e, org.springframework.test.context.event.EventPublishingTestExecutionListener@6b88ca8c, org.springframework.boot.test.mock.mockito.ResetMocksTestExecutionListener@336f1079, org.springframework.boot.test.autoconfigure.restdocs.RestDocsTestExecutionListener@2f16c6b3, org.springframework.boot.test.autoconfigure.web.client.MockRestServiceServerResetTestExecutionListener@34158c08, org.springframework.boot.test.autoconfigure.web.servlet.MockMvcPrintOnlyOnFailureTestExecutionListener@19e4fcac, org.springframework.boot.test.autoconfigure.web.servlet.WebDriverTestExecutionListener@52c3cb31, org.springframework.boot.test.autoconfigure.webservices.client.MockWebServiceServerTestExecutionListener@4b79ac84]
11:06:52.384 [main] DEBUG org.springframework.test.context.support.AbstractDirtiesContextTestExecutionListener - Before test class: context [DefaultTestContext@31dadd46 testClass = AppTest, testInstance = [null], testMethod = [null], testException = [null], mergedContextConfiguration = [WebMergedContextConfiguration@4ed5eb72 testClass = AppTest, locations = '{}', classes = '{class com.example.stockapp.StockAppApplication}', contextInitializerClasses = '[]', activeProfiles = '{}', propertySourceLocations = '{}', propertySourceProperties = '{org.springframework.boot.test.context.SpringBootTestContextBootstrapper=true}', contextCustomizers = set[org.springframework.boot.test.context.filter.ExcludeFilterContextCustomizer@52b1beb6, org.springframework.boot.test.json.DuplicateJsonObjectContextCustomizerFactory$DuplicateJsonObjectContextCustomizer@73e9cf30, org.springframework.boot.test.mock.mockito.MockitoContextCustomizer@0, org.springframework.boot.test.web.client.TestRestTemplateContextCustomizer@7b36aa0c, org.springframework.boot.test.autoconfigure.actuate.metrics.MetricsExportContextCustomizerFactory$DisableMetricExportContextCustomizer@38cee291, org.springframework.boot.test.autoconfigure.properties.PropertyMappingContextCustomizer@0, org.springframework.boot.test.autoconfigure.web.servlet.WebDriverContextCustomizerFactory$Customizer@7526515b, org.springframework.boot.test.context.SpringBootTestArgs@1, org.springframework.boot.test.context.SpringBootTestWebEnvironment@1990a65e], resourceBasePath = 'src/main/webapp', contextLoader = 'org.springframework.boot.test.context.SpringBootContextLoader', parent = [null]], attributes = map['org.springframework.test.context.web.ServletTestExecutionListener.activateListener' -> true]], class annotated with @DirtiesContext [false] with mode [null].

  .   ____          _            __ _ _
 /\\ / ___'_ __ _ _(_)_ __  __ _ \ \ \ \
( ( )\___ | '_ | '_| | '_ \/ _` | \ \ \ \
 \\/  ___)| |_)| | | | | || (_| |  ) ) ) )
  '  |____| .__|_| |_|_| |_\__, | / / / /
 =========|_|==============|___/=/_/_/_/
 :: Spring Boot ::                (v2.7.0)

2024-08-03 11:06:53.961  INFO 12599 --- [           main] com.example.stockapp.AppTest             : Starting AppTest using Java 17.0.11 on russianpotato with PID 12599 (started by root in /root/stockapp)
2024-08-03 11:06:53.965  INFO 12599 --- [           main] com.example.stockapp.AppTest             : No active profile set, falling back to 1 default profile: "default"
2024-08-03 11:06:57.056  INFO 12599 --- [           main] .s.d.r.c.RepositoryConfigurationDelegate : Bootstrapping Spring Data JPA repositories in DEFAULT mode.
2024-08-03 11:06:57.353  INFO 12599 --- [           main] .s.d.r.c.RepositoryConfigurationDelegate : Finished Spring Data repository scanning in 251 ms. Found 1 JPA repository interfaces.
2024-08-03 11:07:00.387  INFO 12599 --- [           main] com.zaxxer.hikari.HikariDataSource       : HikariPool-1 - Starting...
2024-08-03 11:07:00.930  INFO 12599 --- [           main] com.zaxxer.hikari.HikariDataSource       : HikariPool-1 - Start completed.
2024-08-03 11:07:01.334  INFO 12599 --- [           main] o.hibernate.jpa.internal.util.LogHelper  : HHH000204: Processing PersistenceUnitInfo [name: default]
2024-08-03 11:07:01.596  INFO 12599 --- [           main] org.hibernate.Version                    : HHH000412: Hibernate ORM core version 5.6.10.Final
2024-08-03 11:07:02.278  INFO 12599 --- [           main] o.hibernate.annotations.common.Version   : HCANN000001: Hibernate Commons Annotations {5.1.2.Final}
2024-08-03 11:07:02.803  INFO 12599 --- [           main] org.hibernate.dialect.Dialect            : HHH000400: Using dialect: com.example.dialect.SQLiteDialect
2024-08-03 11:07:04.952  INFO 12599 --- [           main] o.h.e.t.j.p.i.JtaPlatformInitiator       : HHH000490: Using JtaPlatform implementation: [org.hibernate.engine.transaction.jta.platform.internal.NoJtaPlatform]
2024-08-03 11:07:04.987  INFO 12599 --- [           main] j.LocalContainerEntityManagerFactoryBean : Initialized JPA EntityManagerFactory for persistence unit 'default'
2024-08-03 11:07:08.075  WARN 12599 --- [           main] JpaBaseConfiguration$JpaWebConfiguration : spring.jpa.open-in-view is enabled by default. Therefore, database queries may be performed during view rendering. Explicitly configure spring.jpa.open-in-view to disable this warning
2024-08-03 11:07:10.264  INFO 12599 --- [           main] o.s.b.a.w.s.WelcomePageHandlerMapping    : Adding welcome page template: index
2024-08-03 11:07:12.123  INFO 12599 --- [           main] com.example.stockapp.AppTest             : Started AppTest in 19.546 seconds (JVM running for 24.305)
]]></system-out>
  </testcase>
</testsuite>